2018-03-31 19:34:20,091 INFO [default] running 
2018-03-31 19:35:39,018 INFO [default] running MC
2018-03-31 19:35:39,018 INFO [default]   1.33014
0.0710208
 0.109434
0.0310595
      0.8
      0.8
      0.8
      0.8
2018-03-31 19:37:54,622 INFO [default] running MC
2018-03-31 19:37:54,635 INFO [default]   0.0196873
  0.0171861
  0.0191465
   0.011579
-0.00569786
 -0.0239075
  0.0902965
  0.0428281
2018-03-31 19:39:06,751 INFO [default] running MC
2018-03-31 19:39:06,768 INFO [default]   0.0196873
  0.0171861
  0.0191465
   0.011579
-0.00569786
 -0.0239075
  0.0902965
  0.0428281
2018-03-31 19:39:06,768 INFO [default] running MC
2018-03-31 19:39:06,788 INFO [default] 0.00414094
 0.0126909
0.00991882
0.00764953
 0.0116099
 0.0135267
 -0.015399
-0.0399298
2018-03-31 19:39:06,789 INFO [default] running MC
2018-03-31 19:39:06,830 INFO [default]  0.0146288
 0.0140562
 0.0132503
 0.0112714
-0.0064963
0.00587852
-0.0143205
-0.0370234
2018-03-31 19:39:06,831 INFO [default] running MC
2018-03-31 19:39:06,913 INFO [default]    0.014118
  0.0149026
  0.0131831
  0.0147223
 -0.0183551
 0.00782403
 -0.0107415
-0.00502865
2018-03-31 19:39:06,913 INFO [default] running MC
2018-03-31 19:39:07,079 INFO [default]  0.0117667
 0.0112231
 0.0138445
 0.0121555
 -0.027465
-0.0335338
-0.0196291
-0.0184455
2018-03-31 19:39:07,079 INFO [default] running MC
2018-03-31 19:39:07,405 INFO [default]   0.0139981
  0.0139124
  0.0124665
  0.0123959
-0.00628649
 0.00601576
 -0.0223931
 -0.0136788
2018-03-31 19:39:07,405 INFO [default] running MC
2018-03-31 19:39:08,025 INFO [default]   0.0132319
  0.0124728
  0.0136161
  0.0122694
 -0.0118915
-0.00302033
 -0.0165048
-0.00997339
2018-03-31 19:39:08,025 INFO [default] running MC
2018-03-31 19:39:09,253 INFO [default]   0.0141913
  0.0125323
  0.0146389
  0.0121462
 0.00251359
-0.00951855
 0.00213078
 -0.0106414
2018-03-31 19:39:09,253 INFO [default] running MC
2018-03-31 19:39:11,724 INFO [default]   0.0129733
   0.012734
  0.0133103
  0.0122317
-0.00671785
-0.00394874
  -0.012994
 -0.0131046
2018-03-31 19:39:11,724 INFO [default] running MC
2018-03-31 19:39:16,702 INFO [default]   0.0133322
  0.0128338
  0.0141847
   0.012694
-0.00665551
-0.00515636
-0.00632789
-0.00632492
